<?xml version="1.0" encoding="UTF-8"?>
<!-- Generated by org.testng.reporters.JUnitReportReporter -->
<testsuite hostname="LIN36000675" failures="0" tests="1" name="com.instagram.test.Test_Invalid_Login" time="23.184" errors="0" timestamp="2020-12-17T11:23:10 IST" skipped="0">
  <testcase classname="com.instagram.test.Test_Invalid_Login" name="test_Invalid_Login" time="23.184"/>
  <system-out/>
</testsuite> <!-- com.instagram.test.Test_Invalid_Login -->
