<?xml version="1.0" encoding="UTF-8"?>
<!-- Generated by org.testng.reporters.JUnitReportReporter -->
<testsuite hostname="LIN36000675" failures="0" tests="1" name="com.instagram.test.Test_Valid_Login" time="17.914" errors="0" timestamp="2020-12-17T11:23:10 IST" skipped="0">
  <testcase classname="com.instagram.test.Test_Valid_Login" name="test_Valid_Login" time="17.914"/>
  <system-out/>
</testsuite> <!-- com.instagram.test.Test_Valid_Login -->
